<?xml version="1.0" encoding="UTF-8"?>
<testsuite xmlns:xsi="http://www.w3.org/2001/XMLSchema-instance" xsi:noNamespaceSchemaLocation="https://maven.apache.org/surefire/maven-surefire-plugin/xsd/surefire-test-report-3.0.xsd" version="3.0" name="guru.springframework.sfgbrewery.SfgBreweryApplicationTests" time="1.315" tests="1" errors="0" skipped="0" failures="0">
  <properties>
[...]
</properties>
  <testcase name="contextLoads" classname="guru.springframework.sfgbrewery.SfgBreweryApplicationTests" time="0.392">
    <system-out><![CDATA[18:03:56.520 [main] INFO org.springframework.test.context.support.AnnotationConfigContextLoaderUtils -- Could not detect default configuration classes for test class [guru.springframework.sfgbrewery.SfgBreweryApplicationTests]: SfgBreweryApplicationTests does not declare any static, non-private, non-final, nested classes annotated with @Configuration.
18:03:56.562 [main] INFO org.springframework.boot.test.context.SpringBootTestContextBootstrapper -- Found @SpringBootConfiguration guru.springframework.sfgbrewery.SfgBreweryApplication for test class guru.springframework.sfgbrewery.SfgBreweryApplicationTests

  .   ____          _            __ _ _
 /\\ / ___'_ __ _ _(_)_ __  __ _ \ \ \ \
( ( )\___ | '_ | '_| | '_ \/ _` | \ \ \ \
 \\/  ___)| |_)| | | | | || (_| |  ) ) ) )
  '  |____| .__|_| |_|_| |_\__, | / / / /
 =========|_|==============|___/=/_/_/_/
 :: Spring Boot ::                (v3.1.4)

2023-09-24T18:03:56.708-07:00  INFO 30666 --- [           main] g.s.s.SfgBreweryApplicationTests         : Starting SfgBreweryApplicationTests using Java 17.0.8.1 with PID 30666 (started by timurcelikel in /Users/timurcelikel/IdeaProjects/sfg-brewery)
2023-09-24T18:03:56.708-07:00  INFO 30666 --- [           main] g.s.s.SfgBreweryApplicationTests         : No active profile set, falling back to 1 default profile: "default"
2023-09-24T18:03:57.310-07:00  INFO 30666 --- [           main] o.s.b.a.e.web.EndpointLinksResolver      : Exposing 1 endpoint(s) beneath base path '/actuator'
2023-09-24T18:03:57.338-07:00  INFO 30666 --- [           main] g.s.s.SfgBreweryApplicationTests         : Started SfgBreweryApplicationTests in 0.726 seconds (process running for 1.105)
]]></system-out>
  </testcase>
</testsuite>